Fri 11 Mar 2022 02:15:16 PM UTC: 
test.c: In function ‘enlarge_test’:
test.c:439:35: error: ‘  ’ directive writing 2 bytes into a region of size between 1 and 300 [-Werror=format-overflow=]
  439 |             else sprintf(msg,"%s%s  ", msg, (char*)map->buckets[i]->value);
      |                                   ^~
In file included from /nix/store/iwd8ic5hhwdxn5dga0im55g5hjl270cd-glibc-2.33-47-dev/include/stdio.h:866,
                 from test.c:1:
/nix/store/iwd8ic5hhwdxn5dga0im55g5hjl270cd-glibc-2.33-47-dev/include/bits/stdio2.h:38:10: note: ‘__builtin___sprintf_chk’ output 3 or more bytes (assuming 302) into a destination of size 300
   38 |   return __builtin___sprintf_chk (__s, __USE_FORTIFY_LEVEL - 1,
      |          ^~~~~~~~~~~~~~~~~~~~~~~~~~~~~~~~~~~~~~~~~~~~~~~~~~~~~~
   39 |       __glibc_objsize (__s), __fmt,
      |       ~~~~~~~~~~~~~~~~~~~~~~~~~~~~~
   40 |       __va_arg_pack ());
      |       ~~~~~~~~~~~~~~~~~
test.c:438:54: error: ‘(null)  ’ directive writing 8 bytes into a region of size between 1 and 300 [-Werror=format-overflow=]
  438 |             if(map->buckets[i]==NULL) sprintf(msg,"%s(null)  ",msg);
      |                                                      ^~~~~~~~
In file included from /nix/store/iwd8ic5hhwdxn5dga0im55g5hjl270cd-glibc-2.33-47-dev/include/stdio.h:866,
                 from test.c:1:
/nix/store/iwd8ic5hhwdxn5dga0im55g5hjl270cd-glibc-2.33-47-dev/include/bits/stdio2.h:38:10: note: ‘__builtin___sprintf_chk’ output between 9 and 308 bytes into a destination of size 300
   38 |   return __builtin___sprintf_chk (__s, __USE_FORTIFY_LEVEL - 1,
      |          ^~~~~~~~~~~~~~~~~~~~~~~~~~~~~~~~~~~~~~~~~~~~~~~~~~~~~~
   39 |       __glibc_objsize (__s), __fmt,
      |       ~~~~~~~~~~~~~~~~~~~~~~~~~~~~~
   40 |       __va_arg_pack ());
      |       ~~~~~~~~~~~~~~~~~
test.c:442:24: error: ‘
but should be: 
value3  (nu...’ directive writing 175 bytes into a region of size between 1 and 300 [-Werror=format-overflow=]
  442 |         sprintf(msg,"%s\nbut should be: \nvalue3  (null)  (null)  (null)  value4  (null)  value2  value1  value0  (null)  (null)  (null)  value5  (null)  (null)  (null)  (null)  (null)  (null)  (null)",msg);
      |                        ^~~~~~~~~~~~~~~~~~~~~~~~~~~~~~~~~~~~~~~~~~~~~~~~~~~~~~~~~~~~~~~~~~~~~~~~~~~~~~~~~~~~~~~~~~~~~~~~~~~~~~~~~~~~~~~~~~~~~~~~~~~~~~~~~~~~~~~~~~~~~~~~~~~~~~~~~~~~~~~~~~~~~~~~~~~~~~~~~
In file included from /nix/store/iwd8ic5hhwdxn5dga0im55g5hjl270cd-glibc-2.33-47-dev/include/stdio.h:866,
                 from test.c:1:
/nix/store/iwd8ic5hhwdxn5dga0im55g5hjl270cd-glibc-2.33-47-dev/include/bits/stdio2.h:38:10: note: ‘__builtin___sprintf_chk’ output between 176 and 475 bytes into a destination of size 300
   38 |   return __builtin___sprintf_chk (__s, __USE_FORTIFY_LEVEL - 1,
      |          ^~~~~~~~~~~~~~~~~~~~~~~~~~~~~~~~~~~~~~~~~~~~~~~~~~~~~~
   39 |       __glibc_objsize (__s), __fmt,
      |       ~~~~~~~~~~~~~~~~~~~~~~~~~~~~~
   40 |       __va_arg_pack ());
      |       ~~~~~~~~~~~~~~~~~
cc1: all warnings being treated as errors
Compilation failed
3d543bd
Fri 11 Mar 2022 02:16:24 PM UTC: 
test.c: In function ‘enlarge_test’:
test.c:438:54: error: ‘(null)  ’ directive writing 8 bytes into a region of size between 1 and 300 [-Werror=format-overflow=]
  438 |             if(map->buckets[i]==NULL) sprintf(msg,"%s(null)  ",msg);
      |                                                      ^~~~~~~~
In file included from /nix/store/iwd8ic5hhwdxn5dga0im55g5hjl270cd-glibc-2.33-47-dev/include/stdio.h:866,
                 from test.c:1:
/nix/store/iwd8ic5hhwdxn5dga0im55g5hjl270cd-glibc-2.33-47-dev/include/bits/stdio2.h:38:10: note: ‘__builtin___sprintf_chk’ output between 9 and 308 bytes into a destination of size 300
   38 |   return __builtin___sprintf_chk (__s, __USE_FORTIFY_LEVEL - 1,
      |          ^~~~~~~~~~~~~~~~~~~~~~~~~~~~~~~~~~~~~~~~~~~~~~~~~~~~~~
   39 |       __glibc_objsize (__s), __fmt,
      |       ~~~~~~~~~~~~~~~~~~~~~~~~~~~~~
   40 |       __va_arg_pack ());
      |       ~~~~~~~~~~~~~~~~~
cc1: all warnings being treated as errors
Compilation failed
2adbf17
Fri 11 Mar 2022 02:16:36 PM UTC: 
test.c: In function ‘enlarge_test’:
test.c:438:54: error: ‘(null)  ’ directive writing 8 bytes into a region of size between 1 and 300 [-Werror=format-overflow=]
  438 |             if(map->buckets[i]==NULL) sprintf(msg,"%s(null)  ",msg);
      |                                                      ^~~~~~~~
In file included from /nix/store/iwd8ic5hhwdxn5dga0im55g5hjl270cd-glibc-2.33-47-dev/include/stdio.h:866,
                 from test.c:1:
/nix/store/iwd8ic5hhwdxn5dga0im55g5hjl270cd-glibc-2.33-47-dev/include/bits/stdio2.h:38:10: note: ‘__builtin___sprintf_chk’ output between 9 and 308 bytes into a destination of size 300
   38 |   return __builtin___sprintf_chk (__s, __USE_FORTIFY_LEVEL - 1,
      |          ^~~~~~~~~~~~~~~~~~~~~~~~~~~~~~~~~~~~~~~~~~~~~~~~~~~~~~
   39 |       __glibc_objsize (__s), __fmt,
      |       ~~~~~~~~~~~~~~~~~~~~~~~~~~~~~
   40 |       __va_arg_pack ());
      |       ~~~~~~~~~~~~~~~~~
cc1: all warnings being treated as errors
Compilation failed
598c2ec
